<?xml version="1.0" encoding="utf-8"?><testsuites name="pytest tests"><testsuite name="pytest" errors="0" failures="0" skipped="0" tests="21" time="5.114" timestamp="2026-07-21T14:07:41.899895+00:00" hostname="agent-env-b44d7811-9b2e-403f-a203-2aacb77361be"><testcase classname="tests.backend_test.TestAuth" name="test_admin_login" time="0.507" /><testcase classname="tests.backend_test.TestAuth" name="test_demo_user_login" time="0.461" /><testcase classname="tests.backend_test.TestAdmin" name="test_admin_stats" time="0.971" /><testcase classname="tests.backend_test.TestAdmin" name="test_admin_attacks" time="0.049" /><testcase classname="tests.backend_test.TestAdmin" name="test_admin_blocked_ips" time="0.222" /><testcase classname="tests.backend_test.TestAdmin" name="test_admin_users" time="0.044" /><testcase classname="tests.backend_test.TestAuth" name="test_auth_me_returns_user" time="0.415" /><testcase classname="tests.backend_test.TestAdmin" name="test_admin_demo_attack_simulator" time="0.312" /><testcase classname="tests.backend_test.TestAuth" name="test_auth_me_unauthorized" time="0.098" /><testcase classname="tests.backend_test.TestIDS" name="test_sql_injection_blocked" time="0.162" /><testcase classname="tests.backend_test.TestAdmin" name="test_admin_loan_override" time="0.131" /><testcase classname="tests.backend_test.TestIDS" name="test_unauthorized_admin_blocked" time="0.153" /><testcase classname="tests.backend_test.TestIDS" name="test_brute_force_lockout" time="1.642" /><testcase classname="tests.backend_test.TestBankConnect" name="test_bank_requires_consent" time="0.381" /><testcase classname="tests.backend_test.TestBankConnect" name="test_bank_connect_with_consent" time="0.051" /><testcase classname="tests.backend_test.TestBankConnect" name="test_bank_unknown_bank_rejected" time="0.048" /><testcase classname="tests.backend_test.TestHealth" name="test_health_ok" time="0.050" /><testcase classname="tests.backend_test.TestRegistration" name="test_register_valid_and_invalid_pan" time="0.388" /><testcase classname="tests.backend_test.TestLoans" name="test_loan_apply_returns_explainable" time="0.915" /><testcase classname="tests.backend_test.TestOTP" name="test_otp_send_and_verify" time="0.122" /><testcase classname="tests.backend_test.TestOTP" name="test_otp_invalid_phone" time="0.509" /></testsuite></testsuites>