<?xml version="1.0" encoding="utf-8"?><testsuites name="pytest tests"><testsuite name="pytest" errors="0" failures="0" skipped="0" tests="12" time="4.713" timestamp="2026-07-22T19:34:57.745887+00:00" hostname="agent-env-b44d7811-9b2e-403f-a203-2aacb77361be"><testcase classname="tests.test_ids_ml_and_demo.TestThreshold" name="test_model_card_threshold_exact" time="0.002" /><testcase classname="tests.test_ids_ml_and_demo.TestThreshold" name="test_health_ok" time="0.236" /><testcase classname="tests.test_ids_ml_and_demo.TestMiddlewareML" name="test_ml_blocks_soft_sqli_payload" time="0.701" /><testcase classname="tests.test_ids_ml_and_demo.TestMiddlewareML" name="test_rule_layer_still_blocks_obvious_sqli" time="0.474" /><testcase classname="tests.test_ids_ml_and_demo.TestDemoDualFire" name="test_demo_attack_kind[sql_injection-sql_injection]" time="0.724" /><testcase classname="tests.test_ids_ml_and_demo.TestDemoDualFire" name="test_demo_attack_kind[brute_force-brute_force_login]" time="0.402" /><testcase classname="tests.test_ids_ml_and_demo.TestDemoDualFire" name="test_demo_attack_kind[bot_flood-bot_flood]" time="0.416" /><testcase classname="tests.test_ids_ml_and_demo.TestDemoDualFire" name="test_demo_attack_kind[unauthorized_admin-unauthorized_admin]" time="0.403" /><testcase classname="tests.test_ids_ml_and_demo.TestDemoDualFire" name="test_demo_attack_kind[malicious_upload-malicious_upload]" time="0.404" /><testcase classname="tests.test_ids_ml_and_demo.TestDemoDualFire" name="test_demo_attack_kind[xss-xss_attempt]" time="0.404" /><testcase classname="tests.test_ids_ml_and_demo.TestDemoDualFire" name="test_brute_force_high_confidence_and_blocked_ip" time="0.411" /><testcase classname="tests.test_ids_ml_and_demo.TestRegression" name="test_bank_list_returns_four" time="0.102" /></testsuite></testsuites>